TN:
SF:src/jwt/jwt.service.ts
FN:8,(anonymous_4)
FN:12,(anonymous_5)
FN:16,(anonymous_6)
FNF:3
FNH:3
FNDA:3,(anonymous_4)
FNDA:1,(anonymous_5)
FNDA:1,(anonymous_6)
DA:1,2
DA:2,2
DA:4,2
DA:7,2
DA:9,3
DA:13,1
DA:17,1
LF:7
LH:7
BRF:0
BRH:0
end_of_record
TN:
SF:src/podcast/podcasts.service.ts
FN:27,(anonymous_5)
FN:39,(anonymous_6)
FN:52,(anonymous_7)
FN:69,(anonymous_8)
FN:91,(anonymous_9)
FN:105,(anonymous_10)
FN:131,(anonymous_11)
FN:147,(anonymous_12)
FN:156,(anonymous_13)
FN:173,(anonymous_14)
FN:196,(anonymous_15)
FN:216,(anonymous_16)
FNF:12
FNH:12
FNDA:32,(anonymous_5)
FNDA:2,(anonymous_6)
FNDA:2,(anonymous_7)
FNDA:3,(anonymous_8)
FNDA:3,(anonymous_9)
FNDA:5,(anonymous_10)
FNDA:3,(anonymous_11)
FNDA:4,(anonymous_12)
FNDA:2,(anonymous_13)
FNDA:3,(anonymous_14)
FNDA:3,(anonymous_15)
FNDA:3,(anonymous_16)
DA:1,1
DA:12,1
DA:13,1
DA:22,1
DA:23,1
DA:26,1
DA:29,32
DA:31,32
DA:34,32
DA:40,2
DA:41,2
DA:42,1
DA:47,1
DA:48,1
DA:56,2
DA:57,2
DA:58,2
DA:59,1
DA:64,1
DA:65,1
DA:70,3
DA:71,3
DA:75,2
DA:76,1
DA:81,1
DA:86,1
DA:87,1
DA:92,3
DA:93,3
DA:94,2
DA:95,1
DA:97,1
DA:98,1
DA:100,1
DA:101,1
DA:109,5
DA:110,5
DA:111,4
DA:112,1
DA:114,3
DA:115,2
DA:116,1
DA:122,2
DA:123,2
DA:124,2
DA:126,1
DA:127,1
DA:132,3
DA:133,3
DA:134,2
DA:135,1
DA:137,1
DA:142,1
DA:143,1
DA:151,4
DA:152,4
DA:153,3
DA:154,1
DA:156,2
DA:157,2
DA:158,1
DA:163,1
DA:168,1
DA:169,1
DA:178,3
DA:179,3
DA:180,2
DA:181,1
DA:183,1
DA:184,1
DA:185,1
DA:186,1
DA:191,1
DA:192,1
DA:200,3
DA:201,3
DA:205,2
DA:206,1
DA:208,1
DA:209,1
DA:211,1
DA:212,1
DA:218,3
DA:219,3
DA:221,3
DA:222,3
DA:226,2
DA:227,1
DA:229,1
DA:230,1
DA:231,1
DA:233,1
DA:234,1
LF:93
LH:93
BRDA:75,0,0,1
BRDA:75,0,1,1
BRDA:94,1,0,1
BRDA:94,1,1,1
BRDA:111,2,0,1
BRDA:111,2,1,3
BRDA:114,3,0,2
BRDA:114,3,1,1
BRDA:115,4,0,1
BRDA:115,4,1,1
BRDA:115,5,0,2
BRDA:115,5,1,2
BRDA:134,6,0,1
BRDA:134,6,1,1
BRDA:153,7,0,1
BRDA:153,7,1,2
BRDA:157,8,0,1
BRDA:157,8,1,1
BRDA:180,9,0,1
BRDA:180,9,1,1
BRDA:205,10,0,1
BRDA:205,10,1,1
BRDA:226,11,0,1
BRDA:226,11,1,1
BRF:24
BRH:24
end_of_record
TN:
SF:src/users/users.service.ts
FN:16,(anonymous_4)
FN:22,(anonymous_5)
FN:50,(anonymous_6)
FN:81,(anonymous_7)
FN:96,(anonymous_8)
FNF:5
FNH:5
FNDA:13,(anonymous_4)
FNDA:3,(anonymous_5)
FNDA:4,(anonymous_6)
FNDA:2,(anonymous_7)
FNDA:3,(anonymous_8)
DA:1,1
DA:2,1
DA:8,1
DA:9,1
DA:10,1
DA:15,1
DA:18,13
DA:19,13
DA:27,3
DA:28,3
DA:29,2
DA:30,1
DA:32,1
DA:37,1
DA:39,1
DA:44,1
DA:51,4
DA:52,4
DA:56,3
DA:57,1
DA:59,2
DA:60,2
DA:61,1
DA:67,1
DA:69,1
DA:74,1
DA:82,2
DA:83,2
DA:84,1
DA:89,1
DA:100,3
DA:101,3
DA:102,2
DA:103,1
DA:105,2
DA:106,1
DA:108,2
DA:109,2
DA:113,1
LF:39
LH:39
BRDA:29,0,0,1
BRDA:29,0,1,1
BRDA:56,1,0,1
BRDA:56,1,1,2
BRDA:60,2,0,1
BRDA:60,2,1,1
BRDA:102,3,0,1
BRDA:102,3,1,1
BRDA:105,4,0,1
BRDA:105,4,1,1
BRF:10
BRH:10
end_of_record
